<?xml version="1.0" encoding="UTF-8"?>
<!-- Generated by org.testng.reporters.JUnitReportReporter -->
<testsuite hostname="DESKTOP-0U21AHI" failures="0" tests="1" name="com.hrms.testscripts.Log4j_TC003" time="22.956" errors="0" timestamp="7 Mar 2023 11:03:27 GMT">
  <testcase classname="com.hrms.testscripts.Log4j_TC003" name="tc003" time="22.956"/>
</testsuite> <!-- com.hrms.testscripts.Log4j_TC003 -->
