<?xml version="1.0" encoding="UTF-8"?>
<!-- Generated by org.testng.reporters.JUnitReportReporter -->
<testsuite hostname="DESKTOP-0U21AHI" failures="0" tests="1" name="com.hrms.testscripts.Log4j_TC002" time="18.217" errors="0" timestamp="7 Mar 2023 11:03:26 GMT">
  <testcase classname="com.hrms.testscripts.Log4j_TC002" name="tc002" time="18.217"/>
</testsuite> <!-- com.hrms.testscripts.Log4j_TC002 -->
