<?xml version="1.0" encoding="UTF-8"?>
<!-- Generated by org.testng.reporters.JUnitReportReporter -->
<testsuite hostname="DESKTOP-0U21AHI" failures="0" tests="1" name="com.hrms.testscripts.Testng_TC001" time="12.311" errors="0" timestamp="7 Mar 2023 11:03:27 GMT">
  <testcase classname="com.hrms.testscripts.Testng_TC001" name="tc001" time="12.311"/>
</testsuite> <!-- com.hrms.testscripts.Testng_TC001 -->
